
2009-11-26 15:49:19 Notice: Notice (8): Undefined variable: typepdo in [APP/views/cohortescomitesapres/visualisation.ctp, line 103]
2009-11-26 15:49:19 Notice: Notice (8): Undefined variable: decisionpdo in [APP/views/cohortescomitesapres/visualisation.ctp, line 104]
2009-11-26 15:49:19 Notice: Notice (8): Undefined variable: motifpdo in [APP/views/cohortescomitesapres/visualisation.ctp, line 106]
2009-11-26 15:49:19 Notice: Notice (8): Undefined index:  id in [APP/views/cohortescomitesapres/visualisation.ctp, line 109]
2009-11-26 16:14:36 Notice: Notice (8): Undefined variable: statutapre in [APP/views/cohortescomitesapres/formulaire.ctp, line 87]
2009-11-26 16:14:36 Notice: Notice (8): Undefined variable: comite_id in [APP/views/cohortescomitesapres/formulaire.ctp, line 89]
2009-11-26 16:14:36 Notice: Notice (8): Undefined index:  id in [APP/views/cohortescomitesapres/formulaire.ctp, line 90]
2009-11-26 16:14:36 Notice: Notice (8): Undefined variable: montantdemande in [APP/views/cohortescomitesapres/formulaire.ctp, line 95]
2009-11-26 16:14:36 Notice: Notice (8): Undefined variable: montantattribue in [APP/views/cohortescomitesapres/formulaire.ctp, line 96]
2009-11-26 16:17:40 Notice: Notice (8): Undefined variable: statutapre in [APP/views/cohortescomitesapres/formulaire.ctp, line 87]
2009-11-26 16:17:40 Notice: Notice (8): Undefined variable: comite_id in [APP/views/cohortescomitesapres/formulaire.ctp, line 89]
2009-11-26 16:17:40 Notice: Notice (8): Undefined index:  id in [APP/views/cohortescomitesapres/formulaire.ctp, line 90]
2009-11-26 16:17:40 Notice: Notice (8): Undefined variable: montantdemande in [APP/views/cohortescomitesapres/formulaire.ctp, line 95]
2009-11-26 16:17:40 Notice: Notice (8): Undefined variable: montantattribue in [APP/views/cohortescomitesapres/formulaire.ctp, line 96]
2009-11-26 16:24:29 Notice: Notice (8): Undefined variable: statutapre in [APP/views/cohortescomitesapres/formulaire.ctp, line 87]
2009-11-26 16:24:29 Notice: Notice (8): Undefined variable: comite_id in [APP/views/cohortescomitesapres/formulaire.ctp, line 89]
2009-11-26 16:24:29 Notice: Notice (8): Undefined index:  id in [APP/views/cohortescomitesapres/formulaire.ctp, line 90]
2009-11-26 16:24:30 Notice: Notice (8): Undefined variable: montantdemande in [APP/views/cohortescomitesapres/formulaire.ctp, line 95]
2009-11-26 16:24:30 Notice: Notice (8): Undefined variable: montantattribue in [APP/views/cohortescomitesapres/formulaire.ctp, line 96]
2009-11-26 16:25:42 Notice: Notice (8): Undefined variable: statutapre in [APP/views/cohortescomitesapres/formulaire.ctp, line 87]
2009-11-26 16:25:42 Notice: Notice (8): Undefined variable: comite_id in [APP/views/cohortescomitesapres/formulaire.ctp, line 89]
2009-11-26 16:25:42 Notice: Notice (8): Undefined index:  id in [APP/views/cohortescomitesapres/formulaire.ctp, line 90]
2009-11-26 16:25:42 Notice: Notice (8): Undefined variable: montantdemande in [APP/views/cohortescomitesapres/formulaire.ctp, line 95]
2009-11-26 16:25:42 Notice: Notice (8): Undefined variable: montantattribue in [APP/views/cohortescomitesapres/formulaire.ctp, line 96]
2009-11-26 16:30:50 Notice: Notice (8): Undefined variable: statutapre in [APP/views/cohortescomitesapres/formulaire.ctp, line 87]
2009-11-26 16:30:50 Notice: Notice (8): Undefined variable: comite_id in [APP/views/cohortescomitesapres/formulaire.ctp, line 89]
2009-11-26 16:30:50 Notice: Notice (8): Undefined index:  id in [APP/views/cohortescomitesapres/formulaire.ctp, line 90]
2009-11-26 16:30:50 Notice: Notice (8): Undefined variable: montantdemande in [APP/views/cohortescomitesapres/formulaire.ctp, line 95]
2009-11-26 16:30:50 Notice: Notice (8): Undefined variable: montantattribue in [APP/views/cohortescomitesapres/formulaire.ctp, line 96]
