
2009-09-02 16:39:50 Warning: Warning (2): pg_query() [<a href='http://php.net/function.pg-query'>function.pg-query</a>]: Query failed: ERREUR:  erreur de syntaxe sur ou près de « GROUP »
LINE 4:       GROUP BY annee, mois
              ^ in [CORE/cake/libs/model/datasources/dbo/dbo_postgres.php, line 148]
2009-09-02 16:39:50 Warning: Warning (512): <span style = "color:Red;text-align:left"><b>SQL Error:</b> ERREUR:  erreur de syntaxe sur ou près de « GROUP »
LINE 4:       GROUP BY annee, mois
              ^</span> in [CORE/cake/libs/model/datasources/dbo_source.php, line 524]
2009-09-02 17:08:41 Warning: Warning (2): pg_query() [<a href='http://php.net/function.pg-query'>function.pg-query</a>]: Query failed: ERREUR:  erreur de syntaxe sur ou près de « ORDER »
LINE 5:       ORDER BY annee, mois;
              ^ in [CORE/cake/libs/model/datasources/dbo/dbo_postgres.php, line 148]
2009-09-02 17:08:41 Warning: Warning (512): <span style = "color:Red;text-align:left"><b>SQL Error:</b> ERREUR:  erreur de syntaxe sur ou près de « ORDER »
LINE 5:       ORDER BY annee, mois;
              ^</span> in [CORE/cake/libs/model/datasources/dbo_source.php, line 524]
2009-09-02 17:29:44 Warning: Warning (2): Missing argument 2 for LocaleHelper::number(), called in /home/cbuffin/www/webrsa/app/views/indicateursmensuels/index.ctp on line 7 and defined in [APP/views/helpers/locale.php, line 27]
2009-09-03 10:56:28 Warning: Warning (2): pg_query() [<a href='http://php.net/function.pg-query'>function.pg-query</a>]: Query failed: ERREUR:  erreur de syntaxe sur ou près de « GROUP »
LINE 4:       GROUP BY annee, mois
              ^ in [CORE/cake/libs/model/datasources/dbo/dbo_postgres.php, line 148]
2009-09-03 10:56:28 Warning: Warning (512): <span style = "color:Red;text-align:left"><b>SQL Error:</b> ERREUR:  erreur de syntaxe sur ou près de « GROUP »
LINE 4:       GROUP BY annee, mois
              ^</span> in [CORE/cake/libs/model/datasources/dbo_source.php, line 524]
2009-09-03 10:56:28 Warning: Warning (2): pg_query() [<a href='http://php.net/function.pg-query'>function.pg-query</a>]: Query failed: ERREUR:  erreur de syntaxe sur ou près de « GROUP »
LINE 6:       GROUP BY annee, mois
              ^ in [CORE/cake/libs/model/datasources/dbo/dbo_postgres.php, line 148]
2009-09-03 10:56:28 Warning: Warning (512): <span style = "color:Red;text-align:left"><b>SQL Error:</b> ERREUR:  erreur de syntaxe sur ou près de « GROUP »
LINE 6:       GROUP BY annee, mois
              ^</span> in [CORE/cake/libs/model/datasources/dbo_source.php, line 524]
2009-09-03 10:56:28 Warning: Warning (2): pg_query() [<a href='http://php.net/function.pg-query'>function.pg-query</a>]: Query failed: ERREUR:  erreur de syntaxe sur ou près de « GROUP »
LINE 13:       GROUP BY annee, mois
               ^ in [CORE/cake/libs/model/datasources/dbo/dbo_postgres.php, line 148]
2009-09-03 10:56:28 Warning: Warning (512): <span style = "color:Red;text-align:left"><b>SQL Error:</b> ERREUR:  erreur de syntaxe sur ou près de « GROUP »
LINE 13:       GROUP BY annee, mois
               ^</span> in [CORE/cake/libs/model/datasources/dbo_source.php, line 524]
2009-09-03 10:56:28 Warning: Warning (2): pg_query() [<a href='http://php.net/function.pg-query'>function.pg-query</a>]: Query failed: ERREUR:  erreur de syntaxe sur ou près de « GROUP »
LINE 10:       GROUP BY annee, mois
               ^ in [CORE/cake/libs/model/datasources/dbo/dbo_postgres.php, line 148]
2009-09-03 10:56:28 Warning: Warning (512): <span style = "color:Red;text-align:left"><b>SQL Error:</b> ERREUR:  erreur de syntaxe sur ou près de « GROUP »
LINE 10:       GROUP BY annee, mois
               ^</span> in [CORE/cake/libs/model/datasources/dbo_source.php, line 524]
2009-09-03 10:56:28 Warning: Warning (2): pg_query() [<a href='http://php.net/function.pg-query'>function.pg-query</a>]: Query failed: ERREUR:  erreur de syntaxe sur ou près de « AND »
LINE 5:        AND orientsstructs.date_impression IS NOT NULL
               ^ in [CORE/cake/libs/model/datasources/dbo/dbo_postgres.php, line 148]
2009-09-03 10:56:28 Warning: Warning (512): <span style = "color:Red;text-align:left"><b>SQL Error:</b> ERREUR:  erreur de syntaxe sur ou près de « AND »
LINE 5:        AND orientsstructs.date_impression IS NOT NULL
               ^</span> in [CORE/cake/libs/model/datasources/dbo_source.php, line 524]
2009-09-03 10:56:28 Warning: Warning (2): pg_query() [<a href='http://php.net/function.pg-query'>function.pg-query</a>]: Query failed: ERREUR:  erreur de syntaxe sur ou près de « AND »
LINE 5:        AND infosfinancieres.moismoucompta IS NOT NULL
               ^ in [CORE/cake/libs/model/datasources/dbo/dbo_postgres.php, line 148]
2009-09-03 10:56:28 Warning: Warning (512): <span style = "color:Red;text-align:left"><b>SQL Error:</b> ERREUR:  erreur de syntaxe sur ou près de « AND »
LINE 5:        AND infosfinancieres.moismoucompta IS NOT NULL
               ^</span> in [CORE/cake/libs/model/datasources/dbo_source.php, line 524]
2009-09-03 10:56:28 Warning: Warning (2): pg_query() [<a href='http://php.net/function.pg-query'>function.pg-query</a>]: Query failed: ERREUR:  erreur de syntaxe sur ou près de « GROUP »
LINE 11:       GROUP BY annee, mois
               ^ in [CORE/cake/libs/model/datasources/dbo/dbo_postgres.php, line 148]
2009-09-03 10:56:28 Warning: Warning (512): <span style = "color:Red;text-align:left"><b>SQL Error:</b> ERREUR:  erreur de syntaxe sur ou près de « GROUP »
LINE 11:       GROUP BY annee, mois
               ^</span> in [CORE/cake/libs/model/datasources/dbo_source.php, line 524]
2009-09-03 10:56:28 Warning: Warning (2): pg_query() [<a href='http://php.net/function.pg-query'>function.pg-query</a>]: Query failed: ERREUR:  erreur de syntaxe sur ou près de « AND »
LINE 4:        AND suspensionsdroits.ddsusdrorsa IS NOT NULL
               ^ in [CORE/cake/libs/model/datasources/dbo/dbo_postgres.php, line 148]
2009-09-03 10:56:28 Warning: Warning (512): <span style = "color:Red;text-align:left"><b>SQL Error:</b> ERREUR:  erreur de syntaxe sur ou près de « AND »
LINE 4:        AND suspensionsdroits.ddsusdrorsa IS NOT NULL
               ^</span> in [CORE/cake/libs/model/datasources/dbo_source.php, line 524]
2009-09-03 10:57:37 Warning: Warning (2): Invalid argument supplied for foreach() in [APP/views/indicateursmensuels/index.ctp, line 25]
