2013-06-25 10:43:21 Error: [MissingControllerException] Controller class HistoriserController could not be found.
#0 /home/cbuffin/www/webrsa/2.5.1/app/webroot/index.php(92): Dispatcher->dispatch(Object(CakeRequest), Object(CakeResponse))
#1 {main}
2013-06-25 11:16:31 Error: Fatal Error (1): Class 'Router' not found in [/home/cbuffin/www/webrsa/2.5.1/app/Plugin/Default/Test/Case/Utility/DefaultUtilityTest.php, line 60]
2013-06-25 11:16:31 Error: [FatalErrorException] Class 'Router' not found
#0 /home/cbuffin/www/webrsa/2.5.1/lib/Cake/Error/ErrorHandler.php(161): ErrorHandler::handleFatalError(1, 'Class 'Router' ...', '/home/cbuffin/w...', 60)
#1 [internal function]: ErrorHandler::handleError(1, 'Class 'Router' ...', '/home/cbuffin/w...', 60, Array)
#2 /home/cbuffin/www/webrsa/2.5.1/lib/Cake/Core/App.php(926): call_user_func('ErrorHandler::h...', 1, 'Class 'Router' ...', '/home/cbuffin/w...', 60, Array)
#3 /home/cbuffin/www/webrsa/2.5.1/lib/Cake/Core/App.php(899): App::_checkFatalError()
#4 [internal function]: App::shutdown()
#5 {main}
2013-06-25 11:34:10 Error: [MissingHelperException] Helper class actioHelper could not be found.
#0 /home/cbuffin/www/webrsa/2.5.1/lib/Cake/View/HelperCollection.php(62): HelperCollection->load('actio')
#1 /home/cbuffin/www/webrsa/2.5.1/lib/Cake/View/View.php(815): HelperCollection->__isset('actio')
#2 /home/cbuffin/www/webrsa/2.5.1/app/View/Cohortescers93/filtre.ctp(32): View->__get('actio')
#3 /home/cbuffin/www/webrsa/2.5.1/app/View/Cohortescers93/validationcs.ctp(10): require_once('/home/cbuffin/w...')
#4 /home/cbuffin/www/webrsa/2.5.1/lib/Cake/View/View.php(923): include('/home/cbuffin/w...')
#5 /home/cbuffin/www/webrsa/2.5.1/lib/Cake/View/View.php(886): View->_evaluate('/home/cbuffin/w...', Array)
#6 /home/cbuffin/www/webrsa/2.5.1/lib/Cake/View/View.php(476): View->_render('/home/cbuffin/w...')
#7 /home/cbuffin/www/webrsa/2.5.1/lib/Cake/Controller/Controller.php(956): View->render(NULL, NULL)
#8 /home/cbuffin/www/webrsa/2.5.1/lib/Cake/Routing/Dispatcher.php(193): Controller->render()
#9 /home/cbuffin/www/webrsa/2.5.1/lib/Cake/Routing/Dispatcher.php(161): Dispatcher->_invoke(Object(Cohortescers93Controller), Object(CakeRequest), Object(CakeResponse))
#10 /home/cbuffin/www/webrsa/2.5.1/app/webroot/index.php(92): Dispatcher->dispatch(Object(CakeRequest), Object(CakeResponse))
#11 {main}
2013-06-25 14:20:49 Error: Le modèle de document /home/cbuffin/www/webrsa/2.5.1/app/Vendor/modelesodt/Contratinsertion/decision_rejete.odt n'existe pas ou n'est pas lisible.
