TODO
    rm app/views/dossiers/old/view2.ctp:153:                <td><?php echo h( $dossier['Foyer']['Personne'][0]['toppersdrodevorsa'] ? 'Oui' : 'Non' );?></td>
    rm app/views/dspfs/view.alasuite.ctp:109:            <h2><?php echo $rolepers[$dsp[$pers]['Personne']['rolepers']]?></h2>

OK => Prestation model
    app/models/prestation.php:17:            'rolepers' => array(
    app/models/prestation.php:37:// //                                 'Prestation.rolepers' => array( 'DEM', 'CJT' ),
    app/models/prestation.php:38:// //                                 'Prestation.natprest' => array( 'RSA' )

OK => Dossier controller
    app/controllers/dossiers_controller.php:30:            $this->set( 'toppersdrodevorsa', $this->Option->toppersdrodevorsa() );
    app/controllers/dossiers_controller.php:214:                        'Prestation.rolepers' => array( 'DEM', 'CJT' )
    app/controllers/dossiers_controller.php:221:                $dsp[$personneFoyer['Prestation']['rolepers']] = $personneFoyer;
    app/controllers/dossiers_controller.php:224:                    $dsp[$personneFoyer['Prestation']['rolepers']] = array_merge( $dsp[$personneFoyer['Prestation']['rolepers']], $dsp_personne );
    app/controllers/dossiers_controller.php:227:                    unset( $dsp[$personneFoyer['Prestation']['rolepers']]['Dspp'] );
    app/controllers/dossiers_controller.php:270:                                'Prestation.rolepers' => array( 'DEM' )

OK => Dossier model

OK => Dossier views
    app/views/elements/dossier_menu.ctp:25:                        <?php if( $personne['Prestation']['rolepers'] == 'DEM' || $personne['Prestation']['rolepers'] == 'CJT' ):?>
    app/views/elements/dossier_menu.ctp:183:                                <?php if( $personnes['Prestation']['rolepers'] == 'DEM' || $personnes['Prestation']['rolepers'] == 'CJT' ):?>
    app/views/dossiers/view.ctp:89:                                <td><?php echo linkedValue( $toppersdrodevorsa, $dsp, 'DEM', 'Prestation', 'toppersdrodevorsa' );?></td>
    app/views/dossiers/view.ctp:90:                                <td><?php echo linkedValue( $toppersdrodevorsa, $dsp, 'CJT', 'Prestation', 'toppersdrodevorsa' );?></td>

OK => Personne model
    app/models/personne.php:16:                    'Prestation.natprest' => array( 'RSA' )

OK => Personne controller
    app/controllers/personnes_controller.php:15:            $this->set( 'rolepers', $this->Option->rolepers() );
    app/controllers/personnes_controller.php:113:                            'Prestation.rolepers',
    app/controllers/personnes_controller.php:117:                            'Prestation.rolepers' => array( 'DEM', 'CJT' )
    app/controllers/personnes_controller.php:121:                $roles = Set::extract( '/Prestation/rolepers', $roles );
    app/controllers/personnes_controller.php:125:                $rolepersPermis = $this->Option->rolepers();
    app/controllers/personnes_controller.php:126:                foreach( $rolepersPermis as $key => $rPP ) {
    app/controllers/personnes_controller.php:128:                        unset( $rolepersPermis[$key] );
    app/controllers/personnes_controller.php:131:                $this->set( 'rolepers', $rolepersPermis );

OK => Personne views
    app/views/personnes/add_edit.ctp:39:    <?php echo $form->input( 'Prestation.natprest', array( 'type' => 'hidden', 'value' => 'RSA' ) );?>
    app/views/personnes/add_edit.ctp:40:    <?php echo $form->input( 'Prestation.rolepers', array( 'label' => __( 'rolepers', true ), 'type' => 'select', 'empty' => true ) );?>
    app/views/personnes/index.ctp:52:                            h( $rolepers[$personne['Prestation']['rolepers']] ),
    app/views/personnes/view.ctp:42:                <th><?php __( 'rolepers' );?></th>
    app/views/personnes/view.ctp:43:                <td><?php echo $rolepers[$personne['Prestation']['rolepers']];?></td>

OK => Orientstruct controller
    app/controllers/orientsstructs_controller.php:18:            $this->set( 'rolepers', $this->Option->rolepers() );
    app/controllers/orientsstructs_controller.php:19:            $this->set( 'toppersdrodevorsa', $this->Option->toppersdrodevorsa() );

OK => Orientstruct views
    app/views/orientsstructs/_form.ctp:27:    <?php echo $form->input( 'Prestation.toppersdrodevorsa', array(  'label' =>  required( __( 'toppersdrodevorsa', true ) ), 'options' => $toppersdrodevorsa, 'type' => 'select', 'empty' => 'Non défini'  ) );?>

OK => Option model
    app/models/option.php:879:        function rolepers() {
    app/models/option.php:1039:        function toppersdrodevorsa() {

OK => Dspf
    app/controllers/dspfs_controller.php:12:            $this->set( 'rolepers', $this->Option->rolepers() );
    app/controllers/dspfs_controller.php:67:                        'Prestation.rolepers' => array( 'DEM', 'CJT' )
    app/controllers/dspfs_controller.php:74:                $dsp[$personneFoyer['Prestation']['rolepers']] = $personneFoyer;
    app/controllers/dspfs_controller.php:77:                    $dsp[$personneFoyer['Prestation']['rolepers']] = array_merge( $dsp[$personneFoyer['Prestation']['rolepers']], $dsp_personne );
    app/controllers/dspfs_controller.php:80:                    unset( $dsp[$personneFoyer['Prestation']['rolepers']]['Dspp'] );

=> Foyer
    app/models/foyer.php:80:                        'natprest'          => 'RSA',
    app/models/foyer.php:81:                        'toppersdrodevorsa' => $this->Personne->soumisDroitsEtDevoirs( $personneFoyer['Personne']['id'] )

=> Ajoutdossier
    app/controllers/ajoutdossiers_controller.php:35://                         'rolepers'  => 'DEM',
    app/controllers/ajoutdossiers_controller.php:56://                         'rolepers'  => 'CJT',
    app/controllers/ajoutdossiers_controller.php:148:                    $this->set( 'rolepers', $this->Option->rolepers() );
    app/views/ajoutdossiers/allocataire.ctp:7:    <?php echo $form->input( 'Prestation.natprest', array( 'type' => 'hidden', 'value' => 'RSA' ) );?>
    app/views/ajoutdossiers/allocataire.ctp:8:    <?php echo $form->input( 'Prestation.rolepers', array( 'type' => 'hidden', 'value' => 'DEM' ) );?>
    app/views/ajoutdossiers/conjoint.ctp:7:    <?php echo $form->input( 'Prestation.natprest', array( 'type' => 'hidden', 'value' => 'RSA' ) );?>
    app/views/ajoutdossiers/conjoint.ctp:8:    <?php echo $form->input( 'Prestation.rolepers', array( 'type' => 'hidden', 'value' => 'CJT' ) );?>

=> Dossiersimplifie
    app/controllers/dossierssimplifies_controller.php:11:            $this->set( 'rolepers', $this->Option->rolepers() );
    app/controllers/dossierssimplifies_controller.php:12:            $this->set( 'toppersdrodevorsa', $this->Option->toppersdrodevorsa() );
    app/controllers/dossierssimplifies_controller.php:125:                unset( $tPers1['rolepers'] );
    app/views/dossierssimplifies/edit.ctp:29:            <div><?php echo $form->input( 'Personne.rolepers', array( 'label' => required( __( 'rolepers', true ) ), 'value' => 'DEM', 'type' => 'hidden') );?></div>
    app/views/dossierssimplifies/edit.ctp:36:            <?php echo $form->input( 'Personne.toppersdrodevorsa', array(  'label' =>  required( __( 'toppersdrodevorsa', true ) ), 'options' => $toppersdrodevorsa, 'type' => 'select', 'empty' => 'Non défini'  ) );?>
    app/views/dossierssimplifies/add.ctp:30:            <div><?php echo $form->input( 'Personne.0.rolepers', array( 'label' => required( __( 'rolepers', true ) ), 'value' => 'DEM', 'type' => 'hidden') );?></div>
    app/views/dossierssimplifies/add.ctp:37:            <?php echo $form->input( 'Personne.0.toppersdrodevorsa', array(  'label' =>  required( __( 'toppersdrodevorsa', true ) ), 'options' => $toppersdrodevorsa, 'type' => 'select', 'empty' => 'Non défini'  ) );?>
    app/views/dossierssimplifies/add.ctp:48:            <div> <?php echo $form->input( 'Personne.1.rolepers', array( 'label' =>  __( 'rolepers', true ) , 'value' => 'CJT', 'type' => 'hidden') );?></div>
    app/views/dossierssimplifies/add.ctp:55:            <?php echo $form->input( 'Personne.1.toppersdrodevorsa', array(  'label' =>   __( 'toppersdrodevorsa', true ), 'options' => $toppersdrodevorsa, 'type' => 'select', 'empty' => 'Non défini'  ) );?>
    app/views/dossierssimplifies/view.ctp:30://                             h( $personne['rolepers'] ),

=> Ressource
    app/models/ressource.php:132://                         'toppersdrodevorsa' => $this->Personne->soumisDroitsEtDevoirs( $personneFoyer['Personne']['id'] )
    app/controllers/ressources_controller.php:238:            // TODO: toppersdrodevorsa
